<?xml version="1.0" encoding="UTF-8"?>
<testsuite name="com.galvanize.mortgagelender.MortgageLenderTest" tests="1" skipped="0" failures="0" errors="0" timestamp="2021-06-25T19:15:46" hostname="LAPTOP-VE101AIV" time="0.022">
  <properties/>
  <testcase name="qualifyLoans()" classname="com.galvanize.mortgagelender.MortgageLenderTest" time="0.022"/>
  <system-out><![CDATA[]]></system-out>
  <system-err><![CDATA[]]></system-err>
</testsuite>
