<?xml version="1.0" encoding="UTF-8"?>
<testsuite name="com.galvanize.mortgagelender.MortgageLenderTest" tests="1" skipped="0" failures="0" errors="0" timestamp="2021-06-25T19:43:52" hostname="LAPTOP-VE101AIV" time="0.024">
  <properties/>
  <testcase name="qualifyLoans()" classname="com.galvanize.mortgagelender.MortgageLenderTest" time="0.024"/>
  <system-out><![CDATA[[Borrower1 with loan amount 250000.0 isQualified true loan status null, Borrower2 with loan amount 250000.0 isQualified false loan status null, Borrower3 with loan amount 250000.0 isQualified false loan status null, Borrower4 with loan amount 250000.0 isQualified false loan status null]
]]></system-out>
  <system-err><![CDATA[]]></system-err>
</testsuite>
