<?xml version="1.0" encoding="UTF-8"?>
<testsuite name="com.galvanize.mortgagelender.MortgageLenderTest" tests="3" skipped="0" failures="0" errors="0" timestamp="2021-06-25T18:23:14" hostname="EHTESHAM-PC" time="0.045">
  <properties/>
  <testcase name="addingLenderMoney()" classname="com.galvanize.mortgagelender.MortgageLenderTest" time="0.035"/>
  <testcase name="shouldApproveOrDenyLoan()" classname="com.galvanize.mortgagelender.MortgageLenderTest" time="0.006"/>
  <testcase name="getAvailableFunds()" classname="com.galvanize.mortgagelender.MortgageLenderTest" time="0.001"/>
  <system-out><![CDATA[]]></system-out>
  <system-err><![CDATA[]]></system-err>
</testsuite>
